<?xml version="1.0" encoding="UTF-8"?>
<!-- Generated by org.testng.reporters.JUnitReportReporter -->
<testsuite hostname="LAPTOP-HAK2QLP8" failures="0" tests="1" name="techstats.SaleTest.PracticeTest" time="17.918" errors="0" timestamp="02 Nov 2024 13:28:14 GMT" skipped="0">
  <testcase classname="techstats.SaleTest.PracticeTest" name="practiceScenariosTest" time="17.918"/>
</testsuite> <!-- techstats.SaleTest.PracticeTest -->
