<?xml version="1.0" encoding="UTF-8"?>
<!-- Generated by org.testng.reporters.JUnitReportReporter -->
<testsuite hostname="LAPTOP-HAK2QLP8" failures="0" tests="1" name="techstats.SaleTest.SaleTransactionTest" time="44.722" errors="0" timestamp="2024-12-12T13:21:08 IST" skipped="0">
  <testcase classname="techstats.SaleTest.SaleTransactionTest" name="checkOutProcess" time="44.722"/>
  <system-out/>
</testsuite> <!-- techstats.SaleTest.SaleTransactionTest -->
