<?xml version="1.0" encoding="UTF-8"?>
<!-- Generated by org.testng.reporters.JUnitReportReporter -->
<testsuite hostname="LAPTOP-HAK2QLP8" failures="0" tests="2" name="techstats.SaleTest.SaleTransactionTest" time="39.891" errors="0" timestamp="09 Mar 2024 07:16:33 GMT" skipped="0">
  <testcase classname="techstats.SaleTest.SaleTransactionTest" name="checkOutProcess" time="18.441"/>
  <testcase classname="techstats.SaleTest.SaleTransactionTest" name="standaloneTests" time="21.450"/>
</testsuite> <!-- techstats.SaleTest.SaleTransactionTest -->
