<?xml version="1.0" encoding="UTF-8"?>
<!-- Generated by org.testng.reporters.JUnitReportReporter -->
<testsuite hostname="LAPTOP-HAK2QLP8" failures="0" tests="1" name="techstats.greenKartTest.HomePageTest" time="20.964" errors="0" timestamp="02 Mar 2024 06:58:25 GMT" skipped="0">
  <testcase classname="techstats.greenKartTest.HomePageTest" name="searchItemTest" time="20.964"/>
</testsuite> <!-- techstats.greenKartTest.HomePageTest -->
