<?xml version="1.0" encoding="UTF-8"?>
<!-- Generated by org.testng.reporters.JUnitReportReporter -->
<testsuite hostname="LAPTOP-HAK2QLP8" failures="0" tests="1" name="techstats.SaleTest.BasketTest" time="38.665" errors="0" timestamp="11 Dec 2024 12:35:24 GMT" skipped="0">
  <testcase classname="techstats.SaleTest.BasketTest" name="addToBasket" time="38.665"/>
</testsuite> <!-- techstats.SaleTest.BasketTest -->
