<?xml version="1.0" encoding="UTF-8"?>
<!-- Generated by org.testng.reporters.JUnitReportReporter -->
<testsuite hostname="LAPTOP-HAK2QLP8" failures="0" tests="1" name="techstats.SaleTest.BasketTest" time="21.517" errors="0" timestamp="09 Mar 2024 07:16:33 GMT" skipped="0">
  <testcase classname="techstats.SaleTest.BasketTest" name="addToBasket" time="21.517"/>
</testsuite> <!-- techstats.SaleTest.BasketTest -->
